<?xml version="1.0" encoding="UTF-8"?>
<!-- Generated by org.testng.reporters.JUnitReportReporter -->
<testsuite skipped="0" hostname="DESKTOP-UG9H2U9" name="TestNG.TestNGAssignment" tests="4" failures="0" timestamp="2021-11-17T14:56:45 IST" time="30.018" errors="0">
  <testcase name="validateSearchAjay" time="10.382" classname="TestNG.TestNGAssignment"/>
  <system-out/>
  <testcase name="validateSearchArvind" time="10.084" classname="TestNG.TestNGAssignment"/>
  <system-out/>
  <testcase name="validateUserName" time="4.141" classname="TestNG.TestNGAssignment"/>
  <system-out/>
  <testcase name="validateLoginPanel" time="5.411" classname="TestNG.TestNGAssignment"/>
  <system-out/>
</testsuite> <!-- TestNG.TestNGAssignment -->
