<?xml version="1.0" encoding="UTF-8"?>
<!-- Generated by org.testng.reporters.JUnitReportReporter -->
<testsuite skipped="0" hostname="DESKTOP-UG9H2U9" name="TestNG.TestNGDemo" tests="1" failures="0" timestamp="2021-11-17T17:26:59 IST" time="7.292" errors="0">
  <testcase name="validateUserName" time="7.292" classname="TestNG.TestNGDemo"/>
  <system-out/>
</testsuite> <!-- TestNG.TestNGDemo -->
