<?xml version="1.0" encoding="UTF-8"?>
<!-- Generated by org.testng.reporters.JUnitReportReporter -->
<testsuite skipped="0" hostname="DESKTOP-UG9H2U9" name="TestNG.WebTesting" tests="1" failures="0" timestamp="2021-11-17T17:26:59 IST" time="0.001" errors="0">
  <testcase name="SendRequest" time="0.001" classname="TestNG.WebTesting"/>
  <system-out/>
</testsuite> <!-- TestNG.WebTesting -->
