<?xml version="1.0" encoding="UTF-8"?>
<!-- Generated by org.testng.reporters.JUnitReportReporter -->
<testsuite skipped="0" hostname="DESKTOP-UG9H2U9" name="TestNG.MobileTesting" tests="2" failures="0" timestamp="2021-11-17T17:26:59 IST" time="0.001" errors="0">
  <testcase name="mobileLogin" time="0.000" classname="TestNG.MobileTesting"/>
  <system-out/>
  <testcase name="sendmobilerequest" time="0.001" classname="TestNG.MobileTesting"/>
  <system-out/>
</testsuite> <!-- TestNG.MobileTesting -->
